e:\documents\maya\code\catmull clark implementation\x64\debug\catmull clark implementation.lib
e:\documents\maya\code\catmull clark implementation\x64\debug\catmull clark implementation.exp
e:\documents\maya\code\catmull clark implementation\catmull clark implementation\x64\debug\vc140.pdb
e:\documents\maya\code\catmull clark implementation\catmull clark implementation\x64\debug\vc140.idb
e:\documents\maya\code\catmull clark implementation\catmull clark implementation\x64\debug\ksubdivisioncmd.nativecodeanalysis.xml
e:\documents\maya\code\catmull clark implementation\catmull clark implementation\x64\debug\ksubdivisionnode.nativecodeanalysis.xml
e:\documents\maya\code\catmull clark implementation\catmull clark implementation\x64\debug\pluginmain.nativecodeanalysis.xml
e:\documents\maya\code\catmull clark implementation\catmull clark implementation\x64\debug\pluginmain.obj
e:\documents\maya\code\catmull clark implementation\catmull clark implementation\x64\debug\ksubdivisionnode.obj
e:\documents\maya\code\catmull clark implementation\catmull clark implementation\x64\debug\ksubdivisioncmd.obj
e:\documents\maya\code\catmull clark implementation\x64\debug\catmull clark implementation.ilk
e:\documents\maya\code\catmull clark implementation\x64\debug\catmull clark implementation.mll
e:\documents\maya\code\catmull clark implementation\x64\debug\catmull clark implementation.pdb
e:\documents\maya\code\catmull clark implementation\catmull clark implementation\x64\debug\nativecodeanalysis.read.1.tlog
e:\documents\maya\code\catmull clark implementation\catmull clark implementation\x64\debug\vc.nativecodeanalysis.all.xml
e:\documents\maya\code\catmull clark implementation\x64\debug\catmull clark implementation.mll.lastcodeanalysissucceeded
e:\documents\maya\code\catmull clark implementation\catmull clark implementation\x64\debug\catmull .a503ddb4.tlog\catmull clark implementation.write.1u.tlog
e:\documents\maya\code\catmull clark implementation\catmull clark implementation\x64\debug\catmull .a503ddb4.tlog\cl.command.1.tlog
e:\documents\maya\code\catmull clark implementation\catmull clark implementation\x64\debug\catmull .a503ddb4.tlog\cl.read.1.tlog
e:\documents\maya\code\catmull clark implementation\catmull clark implementation\x64\debug\catmull .a503ddb4.tlog\cl.write.1.tlog
e:\documents\maya\code\catmull clark implementation\catmull clark implementation\x64\debug\catmull .a503ddb4.tlog\link.command.1.tlog
e:\documents\maya\code\catmull clark implementation\catmull clark implementation\x64\debug\catmull .a503ddb4.tlog\link.read.1.tlog
e:\documents\maya\code\catmull clark implementation\catmull clark implementation\x64\debug\catmull .a503ddb4.tlog\link.write.1.tlog
